2014-04-09 17:30:39,269 [localhost-startStop-1] ERROR StackTrace  - Full Stack Trace:
org.springframework.beans.factory.BeanCreationException: Error creating bean with name 'pluginManager' defined in ServletContext resource [/WEB-INF/applicationContext.xml]: Invocation of init method failed; nested exception is org.codehaus.groovy.grails.exceptions.GrailsDomainException: No owner defined between domain classes [class biblioj.Auteur] and [class biblioj.Livre] in a many-to-many relationship. Example: static belongsTo = biblioj.Livre
	at org.springframework.beans.factory.support.AbstractAutowireCapableBeanFactory.initializeBean(AbstractAutowireCapableBeanFactory.java:1455)
	at org.springframework.beans.factory.support.AbstractAutowireCapableBeanFactory.doCreateBean(AbstractAutowireCapableBeanFactory.java:519)
	at org.springframework.beans.factory.support.AbstractAutowireCapableBeanFactory.createBean(AbstractAutowireCapableBeanFactory.java:456)
	at org.springframework.beans.factory.support.AbstractBeanFactory$1.getObject(AbstractBeanFactory.java:294)
	at org.springframework.beans.factory.support.DefaultSingletonBeanRegistry.getSingleton(DefaultSingletonBeanRegistry.java:225)
	at org.springframework.beans.factory.support.AbstractBeanFactory.doGetBean(AbstractBeanFactory.java:291)
	at org.springframework.beans.factory.support.AbstractBeanFactory.getBean(AbstractBeanFactory.java:193)
	at org.springframework.beans.factory.support.DefaultListableBeanFactory.preInstantiateSingletons(DefaultListableBeanFactory.java:589)
	at org.springframework.context.support.AbstractApplicationContext.finishBeanFactoryInitialization(AbstractApplicationContext.java:925)
	at org.springframework.context.support.AbstractApplicationContext.refresh(AbstractApplicationContext.java:472)
	at org.springframework.web.context.ContextLoader.configureAndRefreshWebApplicationContext(ContextLoader.java:388)
	at org.springframework.web.context.ContextLoader.initWebApplicationContext(ContextLoader.java:293)
	at org.codehaus.groovy.grails.web.context.GrailsContextLoader.initWebApplicationContext(GrailsContextLoader.java:69)
	at org.springframework.web.context.ContextLoaderListener.contextInitialized(ContextLoaderListener.java:111)
	at org.apache.catalina.core.StandardContext.listenerStart(StandardContext.java:4939)
	at org.apache.catalina.core.StandardContext.startInternal(StandardContext.java:5434)
	at org.apache.catalina.util.LifecycleBase.start(LifecycleBase.java:150)
	at org.apache.catalina.core.ContainerBase$StartChild.call(ContainerBase.java:1559)
	at org.apache.catalina.core.ContainerBase$StartChild.call(ContainerBase.java:1549)
	at java.util.concurrent.FutureTask.run(FutureTask.java:262)
	at java.util.concurrent.ThreadPoolExecutor.runWorker(ThreadPoolExecutor.java:1145)
	at java.util.concurrent.ThreadPoolExecutor$Worker.run(ThreadPoolExecutor.java:615)
	at java.lang.Thread.run(Thread.java:744)
Caused by: org.codehaus.groovy.grails.exceptions.GrailsDomainException: No owner defined between domain classes [class biblioj.Auteur] and [class biblioj.Livre] in a many-to-many relationship. Example: static belongsTo = biblioj.Livre
	at org.codehaus.groovy.grails.commons.DefaultGrailsDomainClass.establishOwnerOfManyToMany(DefaultGrailsDomainClass.java:454)
	at org.codehaus.groovy.grails.commons.DefaultGrailsDomainClass.establishRelationshipForCollection(DefaultGrailsDomainClass.java:375)
	at org.codehaus.groovy.grails.commons.DefaultGrailsDomainClass.establishRelationships(DefaultGrailsDomainClass.java:261)
	at org.codehaus.groovy.grails.commons.DefaultGrailsDomainClass.<init>(DefaultGrailsDomainClass.java:119)
	at org.codehaus.groovy.grails.commons.DomainClassArtefactHandler.newArtefactClass(DomainClassArtefactHandler.java:50)
	at org.codehaus.groovy.grails.commons.AnnotationDomainClassArtefactHandler.newArtefactClass(AnnotationDomainClassArtefactHandler.java:53)
	at org.codehaus.groovy.grails.commons.DefaultGrailsApplication.addArtefact(DefaultGrailsApplication.java:809)
	at org.codehaus.groovy.grails.commons.DefaultGrailsApplication.addArtefact(DefaultGrailsApplication.java:535)
	at org.codehaus.groovy.grails.commons.DefaultGrailsApplication.configureLoadedClasses(DefaultGrailsApplication.java:260)
	at org.codehaus.groovy.grails.commons.DefaultGrailsApplication.initialise(DefaultGrailsApplication.java:740)
	at org.codehaus.groovy.grails.plugins.GrailsPluginManagerFactoryBean.afterPropertiesSet(GrailsPluginManagerFactoryBean.java:123)
	at org.springframework.beans.factory.support.AbstractAutowireCapableBeanFactory.invokeInitMethods(AbstractAutowireCapableBeanFactory.java:1514)
	at org.springframework.beans.factory.support.AbstractAutowireCapableBeanFactory.initializeBean(AbstractAutowireCapableBeanFactory.java:1452)
	... 22 more
2014-04-09 17:30:39,273 [localhost-startStop-1] ERROR StackTrace  - Full Stack Trace:
org.codehaus.groovy.grails.exceptions.GrailsDomainException: No owner defined between domain classes [class biblioj.Auteur] and [class biblioj.Livre] in a many-to-many relationship. Example: static belongsTo = biblioj.Livre
	at org.codehaus.groovy.grails.commons.DefaultGrailsDomainClass.establishOwnerOfManyToMany(DefaultGrailsDomainClass.java:454)
	at org.codehaus.groovy.grails.commons.DefaultGrailsDomainClass.establishRelationshipForCollection(DefaultGrailsDomainClass.java:375)
	at org.codehaus.groovy.grails.commons.DefaultGrailsDomainClass.establishRelationships(DefaultGrailsDomainClass.java:261)
	at org.codehaus.groovy.grails.commons.DefaultGrailsDomainClass.<init>(DefaultGrailsDomainClass.java:119)
	at org.codehaus.groovy.grails.commons.DomainClassArtefactHandler.newArtefactClass(DomainClassArtefactHandler.java:50)
	at org.codehaus.groovy.grails.commons.AnnotationDomainClassArtefactHandler.newArtefactClass(AnnotationDomainClassArtefactHandler.java:53)
	at org.codehaus.groovy.grails.commons.DefaultGrailsApplication.addArtefact(DefaultGrailsApplication.java:809)
	at org.codehaus.groovy.grails.commons.DefaultGrailsApplication.addArtefact(DefaultGrailsApplication.java:535)
	at org.codehaus.groovy.grails.commons.DefaultGrailsApplication.configureLoadedClasses(DefaultGrailsApplication.java:260)
	at org.codehaus.groovy.grails.commons.DefaultGrailsApplication.initialise(DefaultGrailsApplication.java:740)
	at org.codehaus.groovy.grails.plugins.GrailsPluginManagerFactoryBean.afterPropertiesSet(GrailsPluginManagerFactoryBean.java:123)
	at org.springframework.beans.factory.support.AbstractAutowireCapableBeanFactory.invokeInitMethods(AbstractAutowireCapableBeanFactory.java:1514)
	at org.springframework.beans.factory.support.AbstractAutowireCapableBeanFactory.initializeBean(AbstractAutowireCapableBeanFactory.java:1452)
	at org.springframework.beans.factory.support.AbstractAutowireCapableBeanFactory.doCreateBean(AbstractAutowireCapableBeanFactory.java:519)
	at org.springframework.beans.factory.support.AbstractAutowireCapableBeanFactory.createBean(AbstractAutowireCapableBeanFactory.java:456)
	at org.springframework.beans.factory.support.AbstractBeanFactory$1.getObject(AbstractBeanFactory.java:294)
	at org.springframework.beans.factory.support.DefaultSingletonBeanRegistry.getSingleton(DefaultSingletonBeanRegistry.java:225)
	at org.springframework.beans.factory.support.AbstractBeanFactory.doGetBean(AbstractBeanFactory.java:291)
	at org.springframework.beans.factory.support.AbstractBeanFactory.getBean(AbstractBeanFactory.java:193)
	at org.springframework.beans.factory.support.DefaultListableBeanFactory.preInstantiateSingletons(DefaultListableBeanFactory.java:589)
	at org.springframework.context.support.AbstractApplicationContext.finishBeanFactoryInitialization(AbstractApplicationContext.java:925)
	at org.springframework.context.support.AbstractApplicationContext.refresh(AbstractApplicationContext.java:472)
	at org.springframework.web.context.ContextLoader.configureAndRefreshWebApplicationContext(ContextLoader.java:388)
	at org.springframework.web.context.ContextLoader.initWebApplicationContext(ContextLoader.java:293)
	at org.codehaus.groovy.grails.web.context.GrailsContextLoader.initWebApplicationContext(GrailsContextLoader.java:69)
	at org.springframework.web.context.ContextLoaderListener.contextInitialized(ContextLoaderListener.java:111)
	at org.apache.catalina.core.StandardContext.listenerStart(StandardContext.java:4939)
	at org.apache.catalina.core.StandardContext.startInternal(StandardContext.java:5434)
	at org.apache.catalina.util.LifecycleBase.start(LifecycleBase.java:150)
	at org.apache.catalina.core.ContainerBase$StartChild.call(ContainerBase.java:1559)
	at org.apache.catalina.core.ContainerBase$StartChild.call(ContainerBase.java:1549)
	at java.util.concurrent.FutureTask.run(FutureTask.java:262)
	at java.util.concurrent.ThreadPoolExecutor.runWorker(ThreadPoolExecutor.java:1145)
	at java.util.concurrent.ThreadPoolExecutor$Worker.run(ThreadPoolExecutor.java:615)
	at java.lang.Thread.run(Thread.java:744)
2014-04-09 17:30:39,274 [localhost-startStop-1] ERROR StackTrace  - Full Stack Trace:
org.springframework.beans.factory.BeanCreationException: Error creating bean with name 'pluginManager' defined in ServletContext resource [/WEB-INF/applicationContext.xml]: Invocation of init method failed; nested exception is org.codehaus.groovy.grails.exceptions.GrailsDomainException: No owner defined between domain classes [class biblioj.Auteur] and [class biblioj.Livre] in a many-to-many relationship. Example: static belongsTo = biblioj.Livre
	at java.util.concurrent.FutureTask.run(FutureTask.java:262)
	at java.util.concurrent.ThreadPoolExecutor.runWorker(ThreadPoolExecutor.java:1145)
	at java.util.concurrent.ThreadPoolExecutor$Worker.run(ThreadPoolExecutor.java:615)
	at java.lang.Thread.run(Thread.java:744)
Caused by: org.codehaus.groovy.grails.exceptions.GrailsDomainException: No owner defined between domain classes [class biblioj.Auteur] and [class biblioj.Livre] in a many-to-many relationship. Example: static belongsTo = biblioj.Livre
	... 4 more
2014-04-09 17:30:39,274 [localhost-startStop-1] ERROR StackTrace  - Full Stack Trace:
org.springframework.beans.factory.BeanCreationException: Error creating bean with name 'pluginManager' defined in ServletContext resource [/WEB-INF/applicationContext.xml]: Invocation of init method failed; nested exception is org.codehaus.groovy.grails.exceptions.GrailsDomainException: No owner defined between domain classes [class biblioj.Auteur] and [class biblioj.Livre] in a many-to-many relationship. Example: static belongsTo = biblioj.Livre
	at java.util.concurrent.FutureTask.run(FutureTask.java:262)
	at java.util.concurrent.ThreadPoolExecutor.runWorker(ThreadPoolExecutor.java:1145)
	at java.util.concurrent.ThreadPoolExecutor$Worker.run(ThreadPoolExecutor.java:615)
	at java.lang.Thread.run(Thread.java:744)
Caused by: org.codehaus.groovy.grails.exceptions.GrailsDomainException: No owner defined between domain classes [class biblioj.Auteur] and [class biblioj.Livre] in a many-to-many relationship. Example: static belongsTo = biblioj.Livre
	... 4 more
2014-04-09 17:30:39,274 [localhost-startStop-1] ERROR StackTrace  - Full Stack Trace:
org.codehaus.groovy.grails.exceptions.GrailsDomainException: No owner defined between domain classes [class biblioj.Auteur] and [class biblioj.Livre] in a many-to-many relationship. Example: static belongsTo = biblioj.Livre
	at java.util.concurrent.FutureTask.run(FutureTask.java:262)
	at java.util.concurrent.ThreadPoolExecutor.runWorker(ThreadPoolExecutor.java:1145)
	at java.util.concurrent.ThreadPoolExecutor$Worker.run(ThreadPoolExecutor.java:615)
	at java.lang.Thread.run(Thread.java:744)
2014-04-09 17:30:39,274 [localhost-startStop-1] ERROR StackTrace  - Full Stack Trace:
org.springframework.beans.factory.BeanCreationException: Error creating bean with name 'pluginManager' defined in ServletContext resource [/WEB-INF/applicationContext.xml]: Invocation of init method failed; nested exception is org.codehaus.groovy.grails.exceptions.GrailsDomainException: No owner defined between domain classes [class biblioj.Auteur] and [class biblioj.Livre] in a many-to-many relationship. Example: static belongsTo = biblioj.Livre
	at java.util.concurrent.FutureTask.run(FutureTask.java:262)
	at java.util.concurrent.ThreadPoolExecutor.runWorker(ThreadPoolExecutor.java:1145)
	at java.util.concurrent.ThreadPoolExecutor$Worker.run(ThreadPoolExecutor.java:615)
	at java.lang.Thread.run(Thread.java:744)
Caused by: org.codehaus.groovy.grails.exceptions.GrailsDomainException: No owner defined between domain classes [class biblioj.Auteur] and [class biblioj.Livre] in a many-to-many relationship. Example: static belongsTo = biblioj.Livre
	... 4 more
2014-04-09 17:30:40,083 [localhost-startStop-1] ERROR StackTrace  - Full Stack Trace:
org.springframework.beans.factory.BeanCreationException: Error creating bean with name 'pluginManager' defined in ServletContext resource [/WEB-INF/applicationContext.xml]: Invocation of init method failed; nested exception is org.codehaus.groovy.grails.exceptions.GrailsDomainException: No owner defined between domain classes [class biblioj.Auteur] and [class biblioj.Livre] in a many-to-many relationship. Example: static belongsTo = biblioj.Livre
	at java.util.concurrent.FutureTask.run(FutureTask.java:262)
	at java.util.concurrent.ThreadPoolExecutor.runWorker(ThreadPoolExecutor.java:1145)
	at java.util.concurrent.ThreadPoolExecutor$Worker.run(ThreadPoolExecutor.java:615)
	at java.lang.Thread.run(Thread.java:744)
Caused by: org.codehaus.groovy.grails.exceptions.GrailsDomainException: No owner defined between domain classes [class biblioj.Auteur] and [class biblioj.Livre] in a many-to-many relationship. Example: static belongsTo = biblioj.Livre
	... 4 more
2014-04-09 17:30:40,083 [localhost-startStop-1] ERROR StackTrace  - Full Stack Trace:
org.codehaus.groovy.grails.exceptions.GrailsDomainException: No owner defined between domain classes [class biblioj.Auteur] and [class biblioj.Livre] in a many-to-many relationship. Example: static belongsTo = biblioj.Livre
	at java.util.concurrent.FutureTask.run(FutureTask.java:262)
	at java.util.concurrent.ThreadPoolExecutor.runWorker(ThreadPoolExecutor.java:1145)
	at java.util.concurrent.ThreadPoolExecutor$Worker.run(ThreadPoolExecutor.java:615)
	at java.lang.Thread.run(Thread.java:744)
2014-04-09 17:30:40,083 [localhost-startStop-1] ERROR StackTrace  - Full Stack Trace:
org.springframework.beans.factory.BeanCreationException: Error creating bean with name 'pluginManager' defined in ServletContext resource [/WEB-INF/applicationContext.xml]: Invocation of init method failed; nested exception is org.codehaus.groovy.grails.exceptions.GrailsDomainException: No owner defined between domain classes [class biblioj.Auteur] and [class biblioj.Livre] in a many-to-many relationship. Example: static belongsTo = biblioj.Livre
	at java.util.concurrent.FutureTask.run(FutureTask.java:262)
	at java.util.concurrent.ThreadPoolExecutor.runWorker(ThreadPoolExecutor.java:1145)
	at java.util.concurrent.ThreadPoolExecutor$Worker.run(ThreadPoolExecutor.java:615)
	at java.lang.Thread.run(Thread.java:744)
Caused by: org.codehaus.groovy.grails.exceptions.GrailsDomainException: No owner defined between domain classes [class biblioj.Auteur] and [class biblioj.Livre] in a many-to-many relationship. Example: static belongsTo = biblioj.Livre
	... 4 more
2014-04-09 17:30:40,083 [localhost-startStop-1] ERROR StackTrace  - Full Stack Trace:
org.springframework.beans.factory.BeanCreationException: Error creating bean with name 'pluginManager' defined in ServletContext resource [/WEB-INF/applicationContext.xml]: Invocation of init method failed; nested exception is org.codehaus.groovy.grails.exceptions.GrailsDomainException: No owner defined between domain classes [class biblioj.Auteur] and [class biblioj.Livre] in a many-to-many relationship. Example: static belongsTo = biblioj.Livre
	at java.util.concurrent.FutureTask.run(FutureTask.java:262)
	at java.util.concurrent.ThreadPoolExecutor.runWorker(ThreadPoolExecutor.java:1145)
	at java.util.concurrent.ThreadPoolExecutor$Worker.run(ThreadPoolExecutor.java:615)
	at java.lang.Thread.run(Thread.java:744)
Caused by: org.codehaus.groovy.grails.exceptions.GrailsDomainException: No owner defined between domain classes [class biblioj.Auteur] and [class biblioj.Livre] in a many-to-many relationship. Example: static belongsTo = biblioj.Livre
	... 4 more
2014-04-09 17:30:40,084 [localhost-startStop-1] ERROR StackTrace  - Full Stack Trace:
org.codehaus.groovy.grails.exceptions.GrailsDomainException: No owner defined between domain classes [class biblioj.Auteur] and [class biblioj.Livre] in a many-to-many relationship. Example: static belongsTo = biblioj.Livre
	at java.util.concurrent.FutureTask.run(FutureTask.java:262)
	at java.util.concurrent.ThreadPoolExecutor.runWorker(ThreadPoolExecutor.java:1145)
	at java.util.concurrent.ThreadPoolExecutor$Worker.run(ThreadPoolExecutor.java:615)
	at java.lang.Thread.run(Thread.java:744)
2014-04-09 17:30:40,084 [localhost-startStop-1] ERROR StackTrace  - Full Stack Trace:
org.springframework.beans.factory.BeanCreationException: Error creating bean with name 'pluginManager' defined in ServletContext resource [/WEB-INF/applicationContext.xml]: Invocation of init method failed; nested exception is org.codehaus.groovy.grails.exceptions.GrailsDomainException: No owner defined between domain classes [class biblioj.Auteur] and [class biblioj.Livre] in a many-to-many relationship. Example: static belongsTo = biblioj.Livre
	at java.util.concurrent.FutureTask.run(FutureTask.java:262)
	at java.util.concurrent.ThreadPoolExecutor.runWorker(ThreadPoolExecutor.java:1145)
	at java.util.concurrent.ThreadPoolExecutor$Worker.run(ThreadPoolExecutor.java:615)
	at java.lang.Thread.run(Thread.java:744)
Caused by: org.codehaus.groovy.grails.exceptions.GrailsDomainException: No owner defined between domain classes [class biblioj.Auteur] and [class biblioj.Livre] in a many-to-many relationship. Example: static belongsTo = biblioj.Livre
	... 4 more
2014-04-09 17:30:40,084 [localhost-startStop-1] ERROR StackTrace  - Full Stack Trace:
org.springframework.beans.factory.BeanCreationException: Error creating bean with name 'pluginManager' defined in ServletContext resource [/WEB-INF/applicationContext.xml]: Invocation of init method failed; nested exception is org.codehaus.groovy.grails.exceptions.GrailsDomainException: No owner defined between domain classes [class biblioj.Auteur] and [class biblioj.Livre] in a many-to-many relationship. Example: static belongsTo = biblioj.Livre
	at java.util.concurrent.FutureTask.run(FutureTask.java:262)
	at java.util.concurrent.ThreadPoolExecutor.runWorker(ThreadPoolExecutor.java:1145)
	at java.util.concurrent.ThreadPoolExecutor$Worker.run(ThreadPoolExecutor.java:615)
	at java.lang.Thread.run(Thread.java:744)
Caused by: org.codehaus.groovy.grails.exceptions.GrailsDomainException: No owner defined between domain classes [class biblioj.Auteur] and [class biblioj.Livre] in a many-to-many relationship. Example: static belongsTo = biblioj.Livre
	... 4 more
2014-04-09 17:30:40,084 [localhost-startStop-1] ERROR StackTrace  - Full Stack Trace:
org.codehaus.groovy.grails.exceptions.GrailsDomainException: No owner defined between domain classes [class biblioj.Auteur] and [class biblioj.Livre] in a many-to-many relationship. Example: static belongsTo = biblioj.Livre
	at java.util.concurrent.FutureTask.run(FutureTask.java:262)
	at java.util.concurrent.ThreadPoolExecutor.runWorker(ThreadPoolExecutor.java:1145)
	at java.util.concurrent.ThreadPoolExecutor$Worker.run(ThreadPoolExecutor.java:615)
	at java.lang.Thread.run(Thread.java:744)
2014-04-09 17:30:40,084 [localhost-startStop-1] ERROR StackTrace  - Full Stack Trace:
org.springframework.beans.factory.BeanCreationException: Error creating bean with name 'pluginManager' defined in ServletContext resource [/WEB-INF/applicationContext.xml]: Invocation of init method failed; nested exception is org.codehaus.groovy.grails.exceptions.GrailsDomainException: No owner defined between domain classes [class biblioj.Auteur] and [class biblioj.Livre] in a many-to-many relationship. Example: static belongsTo = biblioj.Livre
	at java.util.concurrent.FutureTask.run(FutureTask.java:262)
	at java.util.concurrent.ThreadPoolExecutor.runWorker(ThreadPoolExecutor.java:1145)
	at java.util.concurrent.ThreadPoolExecutor$Worker.run(ThreadPoolExecutor.java:615)
	at java.lang.Thread.run(Thread.java:744)
Caused by: org.codehaus.groovy.grails.exceptions.GrailsDomainException: No owner defined between domain classes [class biblioj.Auteur] and [class biblioj.Livre] in a many-to-many relationship. Example: static belongsTo = biblioj.Livre
	... 4 more
2014-04-09 17:32:43,757 [localhost-startStop-1] ERROR StackTrace  - Full Stack Trace:
org.springframework.beans.factory.BeanCreationException: Error creating bean with name 'pluginManager' defined in ServletContext resource [/WEB-INF/applicationContext.xml]: Invocation of init method failed; nested exception is org.codehaus.groovy.grails.exceptions.GrailsDomainException: No owner defined between domain classes [class biblioj.Auteur] and [class biblioj.Livre] in a many-to-many relationship. Example: static belongsTo = biblioj.Livre
	at org.springframework.beans.factory.support.AbstractAutowireCapableBeanFactory.initializeBean(AbstractAutowireCapableBeanFactory.java:1455)
	at org.springframework.beans.factory.support.AbstractAutowireCapableBeanFactory.doCreateBean(AbstractAutowireCapableBeanFactory.java:519)
	at org.springframework.beans.factory.support.AbstractAutowireCapableBeanFactory.createBean(AbstractAutowireCapableBeanFactory.java:456)
	at org.springframework.beans.factory.support.AbstractBeanFactory$1.getObject(AbstractBeanFactory.java:294)
	at org.springframework.beans.factory.support.DefaultSingletonBeanRegistry.getSingleton(DefaultSingletonBeanRegistry.java:225)
	at org.springframework.beans.factory.support.AbstractBeanFactory.doGetBean(AbstractBeanFactory.java:291)
	at org.springframework.beans.factory.support.AbstractBeanFactory.getBean(AbstractBeanFactory.java:193)
	at org.springframework.beans.factory.support.DefaultListableBeanFactory.preInstantiateSingletons(DefaultListableBeanFactory.java:589)
	at org.springframework.context.support.AbstractApplicationContext.finishBeanFactoryInitialization(AbstractApplicationContext.java:925)
	at org.springframework.context.support.AbstractApplicationContext.refresh(AbstractApplicationContext.java:472)
	at org.springframework.web.context.ContextLoader.configureAndRefreshWebApplicationContext(ContextLoader.java:388)
	at org.springframework.web.context.ContextLoader.initWebApplicationContext(ContextLoader.java:293)
	at org.codehaus.groovy.grails.web.context.GrailsContextLoader.initWebApplicationContext(GrailsContextLoader.java:69)
	at org.springframework.web.context.ContextLoaderListener.contextInitialized(ContextLoaderListener.java:111)
	at org.apache.catalina.core.StandardContext.listenerStart(StandardContext.java:4939)
	at org.apache.catalina.core.StandardContext.startInternal(StandardContext.java:5434)
	at org.apache.catalina.util.LifecycleBase.start(LifecycleBase.java:150)
	at org.apache.catalina.core.ContainerBase$StartChild.call(ContainerBase.java:1559)
	at org.apache.catalina.core.ContainerBase$StartChild.call(ContainerBase.java:1549)
	at java.util.concurrent.FutureTask.run(FutureTask.java:262)
	at java.util.concurrent.ThreadPoolExecutor.runWorker(ThreadPoolExecutor.java:1145)
	at java.util.concurrent.ThreadPoolExecutor$Worker.run(ThreadPoolExecutor.java:615)
	at java.lang.Thread.run(Thread.java:744)
Caused by: org.codehaus.groovy.grails.exceptions.GrailsDomainException: No owner defined between domain classes [class biblioj.Auteur] and [class biblioj.Livre] in a many-to-many relationship. Example: static belongsTo = biblioj.Livre
	at org.codehaus.groovy.grails.commons.DefaultGrailsDomainClass.establishOwnerOfManyToMany(DefaultGrailsDomainClass.java:454)
	at org.codehaus.groovy.grails.commons.DefaultGrailsDomainClass.establishRelationshipForCollection(DefaultGrailsDomainClass.java:375)
	at org.codehaus.groovy.grails.commons.DefaultGrailsDomainClass.establishRelationships(DefaultGrailsDomainClass.java:261)
	at org.codehaus.groovy.grails.commons.DefaultGrailsDomainClass.<init>(DefaultGrailsDomainClass.java:119)
	at org.codehaus.groovy.grails.commons.DomainClassArtefactHandler.newArtefactClass(DomainClassArtefactHandler.java:50)
	at org.codehaus.groovy.grails.commons.AnnotationDomainClassArtefactHandler.newArtefactClass(AnnotationDomainClassArtefactHandler.java:53)
	at org.codehaus.groovy.grails.commons.DefaultGrailsApplication.addArtefact(DefaultGrailsApplication.java:809)
	at org.codehaus.groovy.grails.commons.DefaultGrailsApplication.addArtefact(DefaultGrailsApplication.java:535)
	at org.codehaus.groovy.grails.commons.DefaultGrailsApplication.configureLoadedClasses(DefaultGrailsApplication.java:260)
	at org.codehaus.groovy.grails.commons.DefaultGrailsApplication.initialise(DefaultGrailsApplication.java:740)
	at org.codehaus.groovy.grails.plugins.GrailsPluginManagerFactoryBean.afterPropertiesSet(GrailsPluginManagerFactoryBean.java:123)
	at org.springframework.beans.factory.support.AbstractAutowireCapableBeanFactory.invokeInitMethods(AbstractAutowireCapableBeanFactory.java:1514)
	at org.springframework.beans.factory.support.AbstractAutowireCapableBeanFactory.initializeBean(AbstractAutowireCapableBeanFactory.java:1452)
	... 22 more
2014-04-09 17:32:43,766 [localhost-startStop-1] ERROR StackTrace  - Full Stack Trace:
org.codehaus.groovy.grails.exceptions.GrailsDomainException: No owner defined between domain classes [class biblioj.Auteur] and [class biblioj.Livre] in a many-to-many relationship. Example: static belongsTo = biblioj.Livre
	at org.codehaus.groovy.grails.commons.DefaultGrailsDomainClass.establishOwnerOfManyToMany(DefaultGrailsDomainClass.java:454)
	at org.codehaus.groovy.grails.commons.DefaultGrailsDomainClass.establishRelationshipForCollection(DefaultGrailsDomainClass.java:375)
	at org.codehaus.groovy.grails.commons.DefaultGrailsDomainClass.establishRelationships(DefaultGrailsDomainClass.java:261)
	at org.codehaus.groovy.grails.commons.DefaultGrailsDomainClass.<init>(DefaultGrailsDomainClass.java:119)
	at org.codehaus.groovy.grails.commons.DomainClassArtefactHandler.newArtefactClass(DomainClassArtefactHandler.java:50)
	at org.codehaus.groovy.grails.commons.AnnotationDomainClassArtefactHandler.newArtefactClass(AnnotationDomainClassArtefactHandler.java:53)
	at org.codehaus.groovy.grails.commons.DefaultGrailsApplication.addArtefact(DefaultGrailsApplication.java:809)
	at org.codehaus.groovy.grails.commons.DefaultGrailsApplication.addArtefact(DefaultGrailsApplication.java:535)
	at org.codehaus.groovy.grails.commons.DefaultGrailsApplication.configureLoadedClasses(DefaultGrailsApplication.java:260)
	at org.codehaus.groovy.grails.commons.DefaultGrailsApplication.initialise(DefaultGrailsApplication.java:740)
	at org.codehaus.groovy.grails.plugins.GrailsPluginManagerFactoryBean.afterPropertiesSet(GrailsPluginManagerFactoryBean.java:123)
	at org.springframework.beans.factory.support.AbstractAutowireCapableBeanFactory.invokeInitMethods(AbstractAutowireCapableBeanFactory.java:1514)
	at org.springframework.beans.factory.support.AbstractAutowireCapableBeanFactory.initializeBean(AbstractAutowireCapableBeanFactory.java:1452)
	at org.springframework.beans.factory.support.AbstractAutowireCapableBeanFactory.doCreateBean(AbstractAutowireCapableBeanFactory.java:519)
	at org.springframework.beans.factory.support.AbstractAutowireCapableBeanFactory.createBean(AbstractAutowireCapableBeanFactory.java:456)
	at org.springframework.beans.factory.support.AbstractBeanFactory$1.getObject(AbstractBeanFactory.java:294)
	at org.springframework.beans.factory.support.DefaultSingletonBeanRegistry.getSingleton(DefaultSingletonBeanRegistry.java:225)
	at org.springframework.beans.factory.support.AbstractBeanFactory.doGetBean(AbstractBeanFactory.java:291)
	at org.springframework.beans.factory.support.AbstractBeanFactory.getBean(AbstractBeanFactory.java:193)
	at org.springframework.beans.factory.support.DefaultListableBeanFactory.preInstantiateSingletons(DefaultListableBeanFactory.java:589)
	at org.springframework.context.support.AbstractApplicationContext.finishBeanFactoryInitialization(AbstractApplicationContext.java:925)
	at org.springframework.context.support.AbstractApplicationContext.refresh(AbstractApplicationContext.java:472)
	at org.springframework.web.context.ContextLoader.configureAndRefreshWebApplicationContext(ContextLoader.java:388)
	at org.springframework.web.context.ContextLoader.initWebApplicationContext(ContextLoader.java:293)
	at org.codehaus.groovy.grails.web.context.GrailsContextLoader.initWebApplicationContext(GrailsContextLoader.java:69)
	at org.springframework.web.context.ContextLoaderListener.contextInitialized(ContextLoaderListener.java:111)
	at org.apache.catalina.core.StandardContext.listenerStart(StandardContext.java:4939)
	at org.apache.catalina.core.StandardContext.startInternal(StandardContext.java:5434)
	at org.apache.catalina.util.LifecycleBase.start(LifecycleBase.java:150)
	at org.apache.catalina.core.ContainerBase$StartChild.call(ContainerBase.java:1559)
	at org.apache.catalina.core.ContainerBase$StartChild.call(ContainerBase.java:1549)
	at java.util.concurrent.FutureTask.run(FutureTask.java:262)
	at java.util.concurrent.ThreadPoolExecutor.runWorker(ThreadPoolExecutor.java:1145)
	at java.util.concurrent.ThreadPoolExecutor$Worker.run(ThreadPoolExecutor.java:615)
	at java.lang.Thread.run(Thread.java:744)
2014-04-09 17:32:43,768 [localhost-startStop-1] ERROR StackTrace  - Full Stack Trace:
org.springframework.beans.factory.BeanCreationException: Error creating bean with name 'pluginManager' defined in ServletContext resource [/WEB-INF/applicationContext.xml]: Invocation of init method failed; nested exception is org.codehaus.groovy.grails.exceptions.GrailsDomainException: No owner defined between domain classes [class biblioj.Auteur] and [class biblioj.Livre] in a many-to-many relationship. Example: static belongsTo = biblioj.Livre
	at java.util.concurrent.FutureTask.run(FutureTask.java:262)
	at java.util.concurrent.ThreadPoolExecutor.runWorker(ThreadPoolExecutor.java:1145)
	at java.util.concurrent.ThreadPoolExecutor$Worker.run(ThreadPoolExecutor.java:615)
	at java.lang.Thread.run(Thread.java:744)
Caused by: org.codehaus.groovy.grails.exceptions.GrailsDomainException: No owner defined between domain classes [class biblioj.Auteur] and [class biblioj.Livre] in a many-to-many relationship. Example: static belongsTo = biblioj.Livre
	... 4 more
2014-04-09 17:32:43,769 [localhost-startStop-1] ERROR StackTrace  - Full Stack Trace:
org.springframework.beans.factory.BeanCreationException: Error creating bean with name 'pluginManager' defined in ServletContext resource [/WEB-INF/applicationContext.xml]: Invocation of init method failed; nested exception is org.codehaus.groovy.grails.exceptions.GrailsDomainException: No owner defined between domain classes [class biblioj.Auteur] and [class biblioj.Livre] in a many-to-many relationship. Example: static belongsTo = biblioj.Livre
	at java.util.concurrent.FutureTask.run(FutureTask.java:262)
	at java.util.concurrent.ThreadPoolExecutor.runWorker(ThreadPoolExecutor.java:1145)
	at java.util.concurrent.ThreadPoolExecutor$Worker.run(ThreadPoolExecutor.java:615)
	at java.lang.Thread.run(Thread.java:744)
Caused by: org.codehaus.groovy.grails.exceptions.GrailsDomainException: No owner defined between domain classes [class biblioj.Auteur] and [class biblioj.Livre] in a many-to-many relationship. Example: static belongsTo = biblioj.Livre
	... 4 more
2014-04-09 17:32:43,769 [localhost-startStop-1] ERROR StackTrace  - Full Stack Trace:
org.codehaus.groovy.grails.exceptions.GrailsDomainException: No owner defined between domain classes [class biblioj.Auteur] and [class biblioj.Livre] in a many-to-many relationship. Example: static belongsTo = biblioj.Livre
	at java.util.concurrent.FutureTask.run(FutureTask.java:262)
	at java.util.concurrent.ThreadPoolExecutor.runWorker(ThreadPoolExecutor.java:1145)
	at java.util.concurrent.ThreadPoolExecutor$Worker.run(ThreadPoolExecutor.java:615)
	at java.lang.Thread.run(Thread.java:744)
2014-04-09 17:32:43,770 [localhost-startStop-1] ERROR StackTrace  - Full Stack Trace:
org.springframework.beans.factory.BeanCreationException: Error creating bean with name 'pluginManager' defined in ServletContext resource [/WEB-INF/applicationContext.xml]: Invocation of init method failed; nested exception is org.codehaus.groovy.grails.exceptions.GrailsDomainException: No owner defined between domain classes [class biblioj.Auteur] and [class biblioj.Livre] in a many-to-many relationship. Example: static belongsTo = biblioj.Livre
	at java.util.concurrent.FutureTask.run(FutureTask.java:262)
	at java.util.concurrent.ThreadPoolExecutor.runWorker(ThreadPoolExecutor.java:1145)
	at java.util.concurrent.ThreadPoolExecutor$Worker.run(ThreadPoolExecutor.java:615)
	at java.lang.Thread.run(Thread.java:744)
Caused by: org.codehaus.groovy.grails.exceptions.GrailsDomainException: No owner defined between domain classes [class biblioj.Auteur] and [class biblioj.Livre] in a many-to-many relationship. Example: static belongsTo = biblioj.Livre
	... 4 more
2014-04-09 17:32:43,901 [localhost-startStop-1] ERROR StackTrace  - Full Stack Trace:
org.springframework.beans.factory.BeanCreationException: Error creating bean with name 'pluginManager' defined in ServletContext resource [/WEB-INF/applicationContext.xml]: Invocation of init method failed; nested exception is org.codehaus.groovy.grails.exceptions.GrailsDomainException: No owner defined between domain classes [class biblioj.Auteur] and [class biblioj.Livre] in a many-to-many relationship. Example: static belongsTo = biblioj.Livre
	at java.util.concurrent.FutureTask.run(FutureTask.java:262)
	at java.util.concurrent.ThreadPoolExecutor.runWorker(ThreadPoolExecutor.java:1145)
	at java.util.concurrent.ThreadPoolExecutor$Worker.run(ThreadPoolExecutor.java:615)
	at java.lang.Thread.run(Thread.java:744)
Caused by: org.codehaus.groovy.grails.exceptions.GrailsDomainException: No owner defined between domain classes [class biblioj.Auteur] and [class biblioj.Livre] in a many-to-many relationship. Example: static belongsTo = biblioj.Livre
	... 4 more
2014-04-09 17:32:43,901 [localhost-startStop-1] ERROR StackTrace  - Full Stack Trace:
org.codehaus.groovy.grails.exceptions.GrailsDomainException: No owner defined between domain classes [class biblioj.Auteur] and [class biblioj.Livre] in a many-to-many relationship. Example: static belongsTo = biblioj.Livre
	at java.util.concurrent.FutureTask.run(FutureTask.java:262)
	at java.util.concurrent.ThreadPoolExecutor.runWorker(ThreadPoolExecutor.java:1145)
	at java.util.concurrent.ThreadPoolExecutor$Worker.run(ThreadPoolExecutor.java:615)
	at java.lang.Thread.run(Thread.java:744)
2014-04-09 17:32:43,902 [localhost-startStop-1] ERROR StackTrace  - Full Stack Trace:
org.springframework.beans.factory.BeanCreationException: Error creating bean with name 'pluginManager' defined in ServletContext resource [/WEB-INF/applicationContext.xml]: Invocation of init method failed; nested exception is org.codehaus.groovy.grails.exceptions.GrailsDomainException: No owner defined between domain classes [class biblioj.Auteur] and [class biblioj.Livre] in a many-to-many relationship. Example: static belongsTo = biblioj.Livre
	at java.util.concurrent.FutureTask.run(FutureTask.java:262)
	at java.util.concurrent.ThreadPoolExecutor.runWorker(ThreadPoolExecutor.java:1145)
	at java.util.concurrent.ThreadPoolExecutor$Worker.run(ThreadPoolExecutor.java:615)
	at java.lang.Thread.run(Thread.java:744)
Caused by: org.codehaus.groovy.grails.exceptions.GrailsDomainException: No owner defined between domain classes [class biblioj.Auteur] and [class biblioj.Livre] in a many-to-many relationship. Example: static belongsTo = biblioj.Livre
	... 4 more
2014-04-09 17:32:43,902 [localhost-startStop-1] ERROR StackTrace  - Full Stack Trace:
org.springframework.beans.factory.BeanCreationException: Error creating bean with name 'pluginManager' defined in ServletContext resource [/WEB-INF/applicationContext.xml]: Invocation of init method failed; nested exception is org.codehaus.groovy.grails.exceptions.GrailsDomainException: No owner defined between domain classes [class biblioj.Auteur] and [class biblioj.Livre] in a many-to-many relationship. Example: static belongsTo = biblioj.Livre
	at java.util.concurrent.FutureTask.run(FutureTask.java:262)
	at java.util.concurrent.ThreadPoolExecutor.runWorker(ThreadPoolExecutor.java:1145)
	at java.util.concurrent.ThreadPoolExecutor$Worker.run(ThreadPoolExecutor.java:615)
	at java.lang.Thread.run(Thread.java:744)
Caused by: org.codehaus.groovy.grails.exceptions.GrailsDomainException: No owner defined between domain classes [class biblioj.Auteur] and [class biblioj.Livre] in a many-to-many relationship. Example: static belongsTo = biblioj.Livre
	... 4 more
2014-04-09 17:32:43,902 [localhost-startStop-1] ERROR StackTrace  - Full Stack Trace:
org.codehaus.groovy.grails.exceptions.GrailsDomainException: No owner defined between domain classes [class biblioj.Auteur] and [class biblioj.Livre] in a many-to-many relationship. Example: static belongsTo = biblioj.Livre
	at java.util.concurrent.FutureTask.run(FutureTask.java:262)
	at java.util.concurrent.ThreadPoolExecutor.runWorker(ThreadPoolExecutor.java:1145)
	at java.util.concurrent.ThreadPoolExecutor$Worker.run(ThreadPoolExecutor.java:615)
	at java.lang.Thread.run(Thread.java:744)
2014-04-09 17:32:43,903 [localhost-startStop-1] ERROR StackTrace  - Full Stack Trace:
org.springframework.beans.factory.BeanCreationException: Error creating bean with name 'pluginManager' defined in ServletContext resource [/WEB-INF/applicationContext.xml]: Invocation of init method failed; nested exception is org.codehaus.groovy.grails.exceptions.GrailsDomainException: No owner defined between domain classes [class biblioj.Auteur] and [class biblioj.Livre] in a many-to-many relationship. Example: static belongsTo = biblioj.Livre
	at java.util.concurrent.FutureTask.run(FutureTask.java:262)
	at java.util.concurrent.ThreadPoolExecutor.runWorker(ThreadPoolExecutor.java:1145)
	at java.util.concurrent.ThreadPoolExecutor$Worker.run(ThreadPoolExecutor.java:615)
	at java.lang.Thread.run(Thread.java:744)
Caused by: org.codehaus.groovy.grails.exceptions.GrailsDomainException: No owner defined between domain classes [class biblioj.Auteur] and [class biblioj.Livre] in a many-to-many relationship. Example: static belongsTo = biblioj.Livre
	... 4 more
2014-04-09 17:32:43,903 [localhost-startStop-1] ERROR StackTrace  - Full Stack Trace:
org.springframework.beans.factory.BeanCreationException: Error creating bean with name 'pluginManager' defined in ServletContext resource [/WEB-INF/applicationContext.xml]: Invocation of init method failed; nested exception is org.codehaus.groovy.grails.exceptions.GrailsDomainException: No owner defined between domain classes [class biblioj.Auteur] and [class biblioj.Livre] in a many-to-many relationship. Example: static belongsTo = biblioj.Livre
	at java.util.concurrent.FutureTask.run(FutureTask.java:262)
	at java.util.concurrent.ThreadPoolExecutor.runWorker(ThreadPoolExecutor.java:1145)
	at java.util.concurrent.ThreadPoolExecutor$Worker.run(ThreadPoolExecutor.java:615)
	at java.lang.Thread.run(Thread.java:744)
Caused by: org.codehaus.groovy.grails.exceptions.GrailsDomainException: No owner defined between domain classes [class biblioj.Auteur] and [class biblioj.Livre] in a many-to-many relationship. Example: static belongsTo = biblioj.Livre
	... 4 more
2014-04-09 17:32:43,903 [localhost-startStop-1] ERROR StackTrace  - Full Stack Trace:
org.codehaus.groovy.grails.exceptions.GrailsDomainException: No owner defined between domain classes [class biblioj.Auteur] and [class biblioj.Livre] in a many-to-many relationship. Example: static belongsTo = biblioj.Livre
	at java.util.concurrent.FutureTask.run(FutureTask.java:262)
	at java.util.concurrent.ThreadPoolExecutor.runWorker(ThreadPoolExecutor.java:1145)
	at java.util.concurrent.ThreadPoolExecutor$Worker.run(ThreadPoolExecutor.java:615)
	at java.lang.Thread.run(Thread.java:744)
2014-04-09 17:32:43,904 [localhost-startStop-1] ERROR StackTrace  - Full Stack Trace:
org.springframework.beans.factory.BeanCreationException: Error creating bean with name 'pluginManager' defined in ServletContext resource [/WEB-INF/applicationContext.xml]: Invocation of init method failed; nested exception is org.codehaus.groovy.grails.exceptions.GrailsDomainException: No owner defined between domain classes [class biblioj.Auteur] and [class biblioj.Livre] in a many-to-many relationship. Example: static belongsTo = biblioj.Livre
	at java.util.concurrent.FutureTask.run(FutureTask.java:262)
	at java.util.concurrent.ThreadPoolExecutor.runWorker(ThreadPoolExecutor.java:1145)
	at java.util.concurrent.ThreadPoolExecutor$Worker.run(ThreadPoolExecutor.java:615)
	at java.lang.Thread.run(Thread.java:744)
Caused by: org.codehaus.groovy.grails.exceptions.GrailsDomainException: No owner defined between domain classes [class biblioj.Auteur] and [class biblioj.Livre] in a many-to-many relationship. Example: static belongsTo = biblioj.Livre
	... 4 more
2014-04-11 09:15:30,533 [Thread-11] ERROR StackTrace  - Full Stack Trace:
java.lang.NullPointerException
	at org.springsource.loaded.NameRegistry.getIdFor(NameRegistry.java:56)
	at org.springsource.loaded.NameRegistry.getIdOrAllocateFor(NameRegistry.java:71)
	at org.springsource.loaded.TypeRegistry.getTypeIdFor(TypeRegistry.java:772)
	at org.springsource.loaded.TypeRegistry.getReloadableType(TypeRegistry.java:975)
	at org.springsource.loaded.ri.ReflectiveInterceptor.getRType(ReflectiveInterceptor.java:879)
	at org.springsource.loaded.ri.ReflectiveInterceptor.jlClassGetModifiers(ReflectiveInterceptor.java:769)
	at org.codehaus.groovy.reflection.CachedClass.<init>(CachedClass.java:224)
	at org.codehaus.groovy.reflection.ClassInfo.createCachedClass(ClassInfo.java:271)
	at org.codehaus.groovy.reflection.ClassInfo.access$400(ClassInfo.java:36)
	at org.codehaus.groovy.reflection.ClassInfo$LazyCachedClassRef.initValue(ClassInfo.java:435)
	at org.codehaus.groovy.reflection.ClassInfo$LazyCachedClassRef.initValue(ClassInfo.java:426)
	at org.codehaus.groovy.util.LazyReference.getLocked(LazyReference.java:46)
	at org.codehaus.groovy.util.LazyReference.get(LazyReference.java:33)
	at org.codehaus.groovy.reflection.ClassInfo.getCachedClass(ClassInfo.java:89)
	at org.codehaus.groovy.reflection.ReflectionCache.getCachedClass(ReflectionCache.java:107)
	at org.codehaus.groovy.reflection.CachedClass$8.initValue(CachedClass.java:199)
	at org.codehaus.groovy.reflection.CachedClass$8.initValue(CachedClass.java:190)
	at org.codehaus.groovy.util.LazyReference.getLocked(LazyReference.java:46)
	at org.codehaus.groovy.util.LazyReference.get(LazyReference.java:33)
	at org.codehaus.groovy.reflection.CachedClass.getInterfaces(CachedClass.java:242)
	at org.codehaus.groovy.reflection.CachedClass.<init>(CachedClass.java:228)
	at org.codehaus.groovy.reflection.ClassInfo.createCachedClass(ClassInfo.java:271)
	at org.codehaus.groovy.reflection.ClassInfo.access$400(ClassInfo.java:36)
	at org.codehaus.groovy.reflection.ClassInfo$LazyCachedClassRef.initValue(ClassInfo.java:435)
	at org.codehaus.groovy.reflection.ClassInfo$LazyCachedClassRef.initValue(ClassInfo.java:426)
	at org.codehaus.groovy.util.LazyReference.getLocked(LazyReference.java:46)
	at org.codehaus.groovy.util.LazyReference.get(LazyReference.java:33)
	at org.codehaus.groovy.reflection.ClassInfo.getCachedClass(ClassInfo.java:89)
	at org.codehaus.groovy.reflection.ReflectionCache.getCachedClass(ReflectionCache.java:107)
	at org.codehaus.groovy.reflection.CachedClass$4.initValue(CachedClass.java:131)
	at org.codehaus.groovy.reflection.CachedClass$4.initValue(CachedClass.java:128)
	at org.codehaus.groovy.util.LazyReference.getLocked(LazyReference.java:46)
	at org.codehaus.groovy.util.LazyReference.get(LazyReference.java:33)
	at org.codehaus.groovy.reflection.CachedClass.getCachedSuperClass(CachedClass.java:238)
	at org.codehaus.groovy.reflection.CachedClass$8.initValue(CachedClass.java:204)
	at org.codehaus.groovy.reflection.CachedClass$8.initValue(CachedClass.java:190)
	at org.codehaus.groovy.util.LazyReference.getLocked(LazyReference.java:46)
	at org.codehaus.groovy.util.LazyReference.get(LazyReference.java:33)
	at org.codehaus.groovy.reflection.CachedClass.getInterfaces(CachedClass.java:242)
	at org.codehaus.groovy.reflection.CachedClass.<init>(CachedClass.java:228)
	at org.codehaus.groovy.reflection.ClassInfo.createCachedClass(ClassInfo.java:271)
	at org.codehaus.groovy.reflection.ClassInfo.access$400(ClassInfo.java:36)
	at org.codehaus.groovy.reflection.ClassInfo$LazyCachedClassRef.initValue(ClassInfo.java:435)
	at org.codehaus.groovy.reflection.ClassInfo$LazyCachedClassRef.initValue(ClassInfo.java:426)
	at org.codehaus.groovy.util.LazyReference.getLocked(LazyReference.java:46)
	at org.codehaus.groovy.util.LazyReference.get(LazyReference.java:33)
	at org.codehaus.groovy.reflection.ClassInfo.getCachedClass(ClassInfo.java:89)
	at org.codehaus.groovy.reflection.ReflectionCache.getCachedClass(ReflectionCache.java:107)
	at groovy.lang.MetaClassImpl.<init>(MetaClassImpl.java:161)
	at groovy.lang.MetaClassImpl.<init>(MetaClassImpl.java:185)
	at groovy.lang.ExpandoMetaClass.<init>(ExpandoMetaClass.java:297)
	at groovy.lang.ExpandoMetaClass.<init>(ExpandoMetaClass.java:340)
	at groovy.lang.ExpandoMetaClassCreationHandle.createNormalMetaClass(ExpandoMetaClassCreationHandle.java:46)
	at groovy.lang.MetaClassRegistry$MetaClassCreationHandle.createWithCustomLookup(MetaClassRegistry.java:147)
	at groovy.lang.MetaClassRegistry$MetaClassCreationHandle.create(MetaClassRegistry.java:130)
	at org.codehaus.groovy.reflection.ClassInfo.getMetaClassUnderLock(ClassInfo.java:175)
	at org.codehaus.groovy.reflection.ClassInfo.getMetaClass(ClassInfo.java:192)
	at org.codehaus.groovy.runtime.metaclass.MetaClassRegistryImpl.getMetaClass(MetaClassRegistryImpl.java:309)
	at org.codehaus.groovy.runtime.InvokerHelper.getMetaClass(InvokerHelper.java:806)
	at org.codehaus.groovy.runtime.callsite.CallSiteArray.createCallConstructorSite(CallSiteArray.java:84)
	at org.codehaus.groovy.runtime.callsite.CallSiteArray.defaultCallConstructor(CallSiteArray.java:57)
	at org.codehaus.groovy.runtime.callsite.AbstractCallSite.callConstructor(AbstractCallSite.java:182)
	at org.codehaus.groovy.runtime.callsite.AbstractCallSite.callConstructor(AbstractCallSite.java:190)
	at org.codehaus.groovy.grails.plugins.scaffolding.ScaffoldingGrailsPlugin.createScaffoldedInstance(ScaffoldingGrailsPlugin.groovy:175)
	at sun.reflect.NativeMethodAccessorImpl.invoke0(Native Method)
	at sun.reflect.NativeMethodAccessorImpl.invoke(NativeMethodAccessorImpl.java:57)
	at sun.reflect.DelegatingMethodAccessorImpl.invoke(DelegatingMethodAccessorImpl.java:43)
	at java.lang.reflect.Method.invoke(Method.java:601)
	at org.springsource.loaded.ri.ReflectiveInterceptor.jlrMethodInvoke(ReflectiveInterceptor.java:1259)
	at org.codehaus.groovy.reflection.CachedMethod.invoke(CachedMethod.java:90)
	at org.codehaus.groovy.runtime.callsite.StaticMetaMethodSite$StaticMetaMethodSiteNoUnwrapNoCoerce.invoke(StaticMetaMethodSite.java:148)
	at org.codehaus.groovy.runtime.callsite.StaticMetaMethodSite.callStatic(StaticMetaMethodSite.java:99)
	at org.codehaus.groovy.runtime.callsite.CallSiteArray.defaultCallStatic(CallSiteArray.java:53)
	at org.codehaus.groovy.runtime.callsite.AbstractCallSite.callStatic(AbstractCallSite.java:157)
	at org.codehaus.groovy.runtime.callsite.AbstractCallSite.callStatic(AbstractCallSite.java:169)
	at org.codehaus.groovy.grails.plugins.scaffolding.ScaffoldingGrailsPlugin.configureScaffoldingController(ScaffoldingGrailsPlugin.groovy:115)
	at org.codehaus.groovy.grails.plugins.scaffolding.ScaffoldingGrailsPlugin$configureScaffoldingController.callStatic(Unknown Source)
	at org.codehaus.groovy.grails.plugins.scaffolding.ScaffoldingGrailsPlugin.configureScaffolding(ScaffoldingGrailsPlugin.groovy:90)
	at sun.reflect.NativeMethodAccessorImpl.invoke0(Native Method)
	at sun.reflect.NativeMethodAccessorImpl.invoke(NativeMethodAccessorImpl.java:57)
	at sun.reflect.DelegatingMethodAccessorImpl.invoke(DelegatingMethodAccessorImpl.java:43)
	at java.lang.reflect.Method.invoke(Method.java:601)
	at org.springsource.loaded.ri.ReflectiveInterceptor.jlrMethodInvoke(ReflectiveInterceptor.java:1259)
	at org.codehaus.groovy.reflection.CachedMethod.invoke(CachedMethod.java:90)
	at groovy.lang.MetaMethod.doMethodInvoke(MetaMethod.java:233)
	at groovy.lang.MetaClassImpl.invokeMethod(MetaClassImpl.java:1082)
	at groovy.lang.ExpandoMetaClass.invokeMethod(ExpandoMetaClass.java:1106)
	at groovy.lang.MetaClassImpl.invokeMethod(MetaClassImpl.java:906)
	at groovy.lang.MetaClassImpl.invokeMethod(MetaClassImpl.java:1027)
	at groovy.lang.ExpandoMetaClass.invokeMethod(ExpandoMetaClass.java:1106)
	at groovy.lang.MetaClassImpl.invokeMethod(MetaClassImpl.java:906)
	at groovy.lang.MetaClassImpl.invokeMethod(MetaClassImpl.java:727)
	at groovy.lang.GroovyObjectSupport.invokeMethod(GroovyObjectSupport.java:44)
	at groovy.lang.MetaClassImpl.invokeMethodOnGroovyObject(MetaClassImpl.java:1147)
	at groovy.lang.MetaClassImpl.invokeMethod(MetaClassImpl.java:1041)
	at groovy.lang.ExpandoMetaClass.invokeMethod(ExpandoMetaClass.java:1106)
	at groovy.lang.MetaClassImpl.invokeMethod(MetaClassImpl.java:906)
	at org.codehaus.groovy.runtime.callsite.PogoMetaClassSite.callCurrent(PogoMetaClassSite.java:66)
	at org.codehaus.groovy.runtime.callsite.CallSiteArray.defaultCallCurrent(CallSiteArray.java:49)
	at org.codehaus.groovy.runtime.callsite.AbstractCallSite.callCurrent(AbstractCallSite.java:133)
	at org.codehaus.groovy.runtime.callsite.AbstractCallSite.callCurrent(AbstractCallSite.java:145)
	at org.codehaus.groovy.grails.plugins.scaffolding.ScaffoldingGrailsPlugin$_closure2_closure10.doCall(ScaffoldingGrailsPlugin.groovy:77)
	at org.codehaus.groovy.grails.plugins.scaffolding.ScaffoldingGrailsPlugin$_closure2_closure10.doCall(ScaffoldingGrailsPlugin.groovy)
	at sun.reflect.NativeMethodAccessorImpl.invoke0(Native Method)
	at sun.reflect.NativeMethodAccessorImpl.invoke(NativeMethodAccessorImpl.java:57)
	at sun.reflect.DelegatingMethodAccessorImpl.invoke(DelegatingMethodAccessorImpl.java:43)
	at java.lang.reflect.Method.invoke(Method.java:601)
	at org.springsource.loaded.ri.ReflectiveInterceptor.jlrMethodInvoke(ReflectiveInterceptor.java:1259)
	at org.codehaus.groovy.reflection.CachedMethod.invoke(CachedMethod.java:90)
	at groovy.lang.MetaMethod.doMethodInvoke(MetaMethod.java:233)
	at groovy.lang.MetaClassImpl.invokeMethod(MetaClassImpl.java:1082)
	at groovy.lang.ExpandoMetaClass.invokeMethod(ExpandoMetaClass.java:1106)
	at groovy.lang.MetaClassImpl.invokeMethod(MetaClassImpl.java:906)
	at groovy.lang.Closure.call(Closure.java:412)
	at groovy.lang.Closure.call(Closure.java:406)
	at groovy.lang.Closure.run(Closure.java:490)
	at java.lang.Thread.run(Thread.java:722)
2014-04-11 09:15:30,563 [Thread-11] ERROR StackTrace  - Full Stack Trace:
java.lang.NullPointerException
	at org.codehaus.groovy.util.LazyReference.getLocked(LazyReference.java:46)
	at org.codehaus.groovy.util.LazyReference.get(LazyReference.java:33)
	at org.codehaus.groovy.util.LazyReference.getLocked(LazyReference.java:46)
	at org.codehaus.groovy.util.LazyReference.get(LazyReference.java:33)
	at org.codehaus.groovy.util.LazyReference.getLocked(LazyReference.java:46)
	at org.codehaus.groovy.util.LazyReference.get(LazyReference.java:33)
	at org.codehaus.groovy.util.LazyReference.getLocked(LazyReference.java:46)
	at org.codehaus.groovy.util.LazyReference.get(LazyReference.java:33)
	at org.codehaus.groovy.util.LazyReference.getLocked(LazyReference.java:46)
	at org.codehaus.groovy.util.LazyReference.get(LazyReference.java:33)
	at org.codehaus.groovy.util.LazyReference.getLocked(LazyReference.java:46)
	at org.codehaus.groovy.util.LazyReference.get(LazyReference.java:33)
	at java.lang.Thread.run(Thread.java:722)
2014-04-11 09:15:30,563 [Thread-11] ERROR StackTrace  - Full Stack Trace:
java.lang.NullPointerException
	at org.codehaus.groovy.util.LazyReference.getLocked(LazyReference.java:46)
	at org.codehaus.groovy.util.LazyReference.get(LazyReference.java:33)
	at org.codehaus.groovy.util.LazyReference.getLocked(LazyReference.java:46)
	at org.codehaus.groovy.util.LazyReference.get(LazyReference.java:33)
	at org.codehaus.groovy.util.LazyReference.getLocked(LazyReference.java:46)
	at org.codehaus.groovy.util.LazyReference.get(LazyReference.java:33)
	at org.codehaus.groovy.util.LazyReference.getLocked(LazyReference.java:46)
	at org.codehaus.groovy.util.LazyReference.get(LazyReference.java:33)
	at org.codehaus.groovy.util.LazyReference.getLocked(LazyReference.java:46)
	at org.codehaus.groovy.util.LazyReference.get(LazyReference.java:33)
	at org.codehaus.groovy.util.LazyReference.getLocked(LazyReference.java:46)
	at org.codehaus.groovy.util.LazyReference.get(LazyReference.java:33)
	at java.lang.Thread.run(Thread.java:722)
2014-04-11 09:15:30,563 [Thread-11] ERROR StackTrace  - Full Stack Trace:
java.lang.NullPointerException
	at org.codehaus.groovy.util.LazyReference.getLocked(LazyReference.java:46)
	at org.codehaus.groovy.util.LazyReference.get(LazyReference.java:33)
	at org.codehaus.groovy.util.LazyReference.getLocked(LazyReference.java:46)
	at org.codehaus.groovy.util.LazyReference.get(LazyReference.java:33)
	at org.codehaus.groovy.util.LazyReference.getLocked(LazyReference.java:46)
	at org.codehaus.groovy.util.LazyReference.get(LazyReference.java:33)
	at org.codehaus.groovy.util.LazyReference.getLocked(LazyReference.java:46)
	at org.codehaus.groovy.util.LazyReference.get(LazyReference.java:33)
	at org.codehaus.groovy.util.LazyReference.getLocked(LazyReference.java:46)
	at org.codehaus.groovy.util.LazyReference.get(LazyReference.java:33)
	at org.codehaus.groovy.util.LazyReference.getLocked(LazyReference.java:46)
	at org.codehaus.groovy.util.LazyReference.get(LazyReference.java:33)
	at java.lang.Thread.run(Thread.java:722)
2014-04-11 09:37:28,447 [localhost-startStop-1] ERROR StackTrace  - Full Stack Trace:
org.hibernate.TransientObjectException: object references an unsaved transient instance - save the transient instance before flushing: biblioj.TypeDocument
	at org.hibernate.engine.ForeignKeys.getEntityIdentifierIfNotUnsaved(ForeignKeys.java:243)
	at org.hibernate.type.EntityType.getIdentifier(EntityType.java:456)
	at org.hibernate.type.ManyToOneType.isDirty(ManyToOneType.java:265)
	at org.hibernate.type.ManyToOneType.isDirty(ManyToOneType.java:275)
	at org.hibernate.type.TypeHelper.findDirty(TypeHelper.java:295)
	at org.hibernate.persister.entity.AbstractEntityPersister.findDirty(AbstractEntityPersister.java:3404)
	at org.hibernate.event.def.DefaultFlushEntityEventListener.dirtyCheck(DefaultFlushEntityEventListener.java:520)
	at org.hibernate.event.def.DefaultFlushEntityEventListener.isUpdateNecessary(DefaultFlushEntityEventListener.java:230)
	at org.hibernate.event.def.DefaultFlushEntityEventListener.onFlushEntity(DefaultFlushEntityEventListener.java:154)
	at org.hibernate.event.def.AbstractFlushingEventListener.flushEntities(AbstractFlushingEventListener.java:219)
	at org.hibernate.event.def.AbstractFlushingEventListener.flushEverythingToExecutions(AbstractFlushingEventListener.java:99)
	at org.hibernate.event.def.DefaultFlushEventListener.onFlush(DefaultFlushEventListener.java:50)
	at org.hibernate.impl.SessionImpl.flush(SessionImpl.java:1216)
	at org.codehaus.groovy.grails.orm.hibernate.support.HibernatePersistenceContextInterceptor.flush(HibernatePersistenceContextInterceptor.java:93)
	at org.codehaus.groovy.grails.orm.hibernate.support.AggregatePersistenceContextInterceptor.flush(AggregatePersistenceContextInterceptor.java:76)
	at org.codehaus.groovy.grails.web.context.GrailsConfigUtils.executeGrailsBootstraps(GrailsConfigUtils.java:77)
	at org.codehaus.groovy.grails.web.context.GrailsContextLoader.initWebApplicationContext(GrailsContextLoader.java:108)
	at org.springframework.web.context.ContextLoaderListener.contextInitialized(ContextLoaderListener.java:111)
	at org.apache.catalina.core.StandardContext.listenerStart(StandardContext.java:4939)
	at org.apache.catalina.core.StandardContext.startInternal(StandardContext.java:5434)
	at org.apache.catalina.util.LifecycleBase.start(LifecycleBase.java:150)
	at org.apache.catalina.core.ContainerBase$StartChild.call(ContainerBase.java:1559)
	at org.apache.catalina.core.ContainerBase$StartChild.call(ContainerBase.java:1549)
	at java.util.concurrent.FutureTask$Sync.innerRun(FutureTask.java:334)
	at java.util.concurrent.FutureTask.run(FutureTask.java:166)
	at java.util.concurrent.ThreadPoolExecutor.runWorker(ThreadPoolExecutor.java:1145)
	at java.util.concurrent.ThreadPoolExecutor$Worker.run(ThreadPoolExecutor.java:615)
	at java.lang.Thread.run(Thread.java:722)
2014-04-11 09:37:28,487 [localhost-startStop-1] ERROR StackTrace  - Full Stack Trace:
org.hibernate.TransientObjectException: object references an unsaved transient instance - save the transient instance before flushing: biblioj.TypeDocument
	at java.util.concurrent.FutureTask$Sync.innerRun(FutureTask.java:334)
	at java.util.concurrent.FutureTask.run(FutureTask.java:166)
	at java.util.concurrent.ThreadPoolExecutor.runWorker(ThreadPoolExecutor.java:1145)
	at java.util.concurrent.ThreadPoolExecutor$Worker.run(ThreadPoolExecutor.java:615)
	at java.lang.Thread.run(Thread.java:722)
2014-04-11 09:37:28,487 [localhost-startStop-1] ERROR StackTrace  - Full Stack Trace:
org.hibernate.TransientObjectException: object references an unsaved transient instance - save the transient instance before flushing: biblioj.TypeDocument
	at java.util.concurrent.FutureTask$Sync.innerRun(FutureTask.java:334)
	at java.util.concurrent.FutureTask.run(FutureTask.java:166)
	at java.util.concurrent.ThreadPoolExecutor.runWorker(ThreadPoolExecutor.java:1145)
	at java.util.concurrent.ThreadPoolExecutor$Worker.run(ThreadPoolExecutor.java:615)
	at java.lang.Thread.run(Thread.java:722)
2014-04-11 09:37:28,487 [localhost-startStop-1] ERROR StackTrace  - Full Stack Trace:
org.hibernate.TransientObjectException: object references an unsaved transient instance - save the transient instance before flushing: biblioj.TypeDocument
	at java.util.concurrent.FutureTask$Sync.innerRun(FutureTask.java:334)
	at java.util.concurrent.FutureTask.run(FutureTask.java:166)
	at java.util.concurrent.ThreadPoolExecutor.runWorker(ThreadPoolExecutor.java:1145)
	at java.util.concurrent.ThreadPoolExecutor$Worker.run(ThreadPoolExecutor.java:615)
	at java.lang.Thread.run(Thread.java:722)
2014-04-11 09:37:28,487 [localhost-startStop-1] ERROR StackTrace  - Full Stack Trace:
org.hibernate.TransientObjectException: object references an unsaved transient instance - save the transient instance before flushing: biblioj.TypeDocument
	at java.util.concurrent.FutureTask$Sync.innerRun(FutureTask.java:334)
	at java.util.concurrent.FutureTask.run(FutureTask.java:166)
	at java.util.concurrent.ThreadPoolExecutor.runWorker(ThreadPoolExecutor.java:1145)
	at java.util.concurrent.ThreadPoolExecutor$Worker.run(ThreadPoolExecutor.java:615)
	at java.lang.Thread.run(Thread.java:722)
2014-04-11 09:37:28,487 [localhost-startStop-1] ERROR StackTrace  - Full Stack Trace:
org.hibernate.TransientObjectException: object references an unsaved transient instance - save the transient instance before flushing: biblioj.TypeDocument
	at java.util.concurrent.FutureTask$Sync.innerRun(FutureTask.java:334)
	at java.util.concurrent.FutureTask.run(FutureTask.java:166)
	at java.util.concurrent.ThreadPoolExecutor.runWorker(ThreadPoolExecutor.java:1145)
	at java.util.concurrent.ThreadPoolExecutor$Worker.run(ThreadPoolExecutor.java:615)
	at java.lang.Thread.run(Thread.java:722)
